Unity Editor version:    2020.3.21f1 (a38c86f6690f)
Branch:                  2020.3/staging
Build type:              Release
Batch mode:              YES
macOS version:           Version 11.6 (Build 20G165)
Darwin version:          20.6.0
Architecture:            x86_64
Running under Rosetta:   NO
Available memory:        16384 MB
Using pre-set license
Pro License: NO

COMMAND LINE ARGUMENTS:
/Applications/Unity/Hub/Editor/2020.3.21f1/Unity.app/Contents/MacOS/Unity
-adb2
-batchMode
-noUpm
-name
AssetImportWorker0
-projectPath
/Users/juandiaz/Documents/Unity/Nuevo Proyecto
-logFile
Logs/AssetImportWorker0.log
-srvPort
58708
Successfully changed project path to: /Users/juandiaz/Documents/Unity/Nuevo Proyecto
/Users/juandiaz/Documents/Unity/Nuevo Proyecto
Using Asset Import Pipeline V2.
Refreshing native plugins compatible for Editor in 66.63 ms, found 2 plugins.
Preloading 0 native plugins for Editor in 0.00 ms.
Initialize engine version: 2020.3.21f1 (a38c86f6690f)
[Subsystems] Discovering subsystems at path /Applications/Unity/Hub/Editor/2020.3.21f1/Unity.app/Contents/Resources/UnitySubsystems
[Subsystems] Discovering subsystems at path /Users/juandiaz/Documents/Unity/Nuevo Proyecto/Assets
GfxDevice: creating device client; threaded=0
2021-11-17 23:58:32.070 Unity[77872:6124039] Color LCD preferred device: AMD Radeon Pro 5500M (high power)
2021-11-17 23:58:32.070 Unity[77872:6124039] Metal devices available: 2
2021-11-17 23:58:32.070 Unity[77872:6124039] 0: AMD Radeon Pro 5500M (high power)
2021-11-17 23:58:32.070 Unity[77872:6124039] 1: Intel(R) UHD Graphics 630 (low power)
2021-11-17 23:58:32.071 Unity[77872:6124039] Using device AMD Radeon Pro 5500M (high power)
Initializing Metal device caps: AMD Radeon Pro 5500M
Initialize mono
Mono path[0] = '/Applications/Unity/Hub/Editor/2020.3.21f1/Unity.app/Contents/Managed'
Mono path[1] = '/Applications/Unity/Hub/Editor/2020.3.21f1/Unity.app/Contents/MonoBleedingEdge/lib/mono/unityjit'
Mono config path = '/Applications/Unity/Hub/Editor/2020.3.21f1/Unity.app/Contents/MonoBleedingEdge/etc'
Using monoOptions --debugger-agent=transport=dt_socket,embedding=1,server=y,suspend=n,address=127.0.0.1:56872
Begin MonoManager ReloadAssembly
Registering precompiled unity dll's ...
Register platform support module: /Applications/Unity/Hub/Editor/2020.3.21f1/Unity.app/Contents/PlaybackEngines/MacStandaloneSupport/UnityEditor.OSXStandalone.Extensions.dll
Registered in 0.210338 seconds.
Native extension for OSXStandalone target not found
Refreshing native plugins compatible for Editor in 41.24 ms, found 2 plugins.
Preloading 0 native plugins for Editor in 0.00 ms.
Mono: successfully reloaded assembly
- Completed reload, in  2.652 seconds
Domain Reload Profiling:
	ReloadAssembly (2653ms)
		BeginReloadAssembly (314ms)
			ExecutionOrderSort (0ms)
			DisableScriptedObjects (0ms)
			BackupInstance (0ms)
			ReleaseScriptingObjects (0ms)
			CreateAndSetChildDomain (1ms)
		EndReloadAssembly (731ms)
			LoadAssemblies (324ms)
			RebuildTransferFunctionScriptingTraits (0ms)
			SetupTypeCache (334ms)
			ReleaseScriptCaches (0ms)
			RebuildScriptCaches (50ms)
			SetupLoadedEditorAssemblies (232ms)
				LogAssemblyErrors (0ms)
				InitializePlatformSupportModulesInManaged (5ms)
				SetLoadedEditorAssemblies (0ms)
				RefreshPlugins (41ms)
				BeforeProcessingInitializeOnLoad (10ms)
				ProcessInitializeOnLoadAttributes (133ms)
				ProcessInitializeOnLoadMethodAttributes (42ms)
				AfterProcessingInitializeOnLoad (0ms)
				EditorAssembliesLoaded (0ms)
			ExecutionOrderSort2 (0ms)
			AwakeInstancesAfterBackupRestoration (0ms)
Platform modules already initialized, skipping
Registering precompiled user dll's ...
Registered in 0.028838 seconds.
Begin MonoManager ReloadAssembly
Native extension for OSXStandalone target not found
Refreshing native plugins compatible for Editor in 0.36 ms, found 2 plugins.
Preloading 0 native plugins for Editor in 0.00 ms.
Mono: successfully reloaded assembly
- Completed reload, in  1.577 seconds
Domain Reload Profiling:
	ReloadAssembly (1580ms)
		BeginReloadAssembly (254ms)
			ExecutionOrderSort (0ms)
			DisableScriptedObjects (5ms)
			BackupInstance (0ms)
			ReleaseScriptingObjects (0ms)
			CreateAndSetChildDomain (32ms)
		EndReloadAssembly (1244ms)
			LoadAssemblies (280ms)
			RebuildTransferFunctionScriptingTraits (0ms)
			SetupTypeCache (462ms)
			ReleaseScriptCaches (0ms)
			RebuildScriptCaches (70ms)
			SetupLoadedEditorAssemblies (379ms)
				LogAssemblyErrors (0ms)
				InitializePlatformSupportModulesInManaged (5ms)
				SetLoadedEditorAssemblies (0ms)
				RefreshPlugins (0ms)
				BeforeProcessingInitializeOnLoad (64ms)
				ProcessInitializeOnLoadAttributes (290ms)
				ProcessInitializeOnLoadMethodAttributes (16ms)
				AfterProcessingInitializeOnLoad (2ms)
				EditorAssembliesLoaded (0ms)
			ExecutionOrderSort2 (0ms)
			AwakeInstancesAfterBackupRestoration (9ms)
Platform modules already initialized, skipping
Validating Project structure ... 0.000843 seconds.
Shader import version has changed; will reimport all shaders...
Upgrading shader files ...0.001431 seconds.
Application.AssetDatabase Initial Script Refresh Start
RefreshInfo: InitialScriptRefreshV2(NoUpdateAssetOptions) scanfilter:  ... 1 filters
RefreshProfiler: Total: 0.000ms
Application.AssetDatabase Initial Script Refresh End
Application.AssetDatabase.Refresh Start
Application.AssetDatabase.Refresh End
RefreshInfo: StopAssetImportingV2(ForceSynchronousImport) scanfilter: 
RefreshProfiler: Total: 0.000ms
Launching external process: /Applications/Unity/Hub/Editor/2020.3.21f1/Unity.app/Contents/Tools/UnityShaderCompiler
Launched and connected shader compiler UnityShaderCompiler after 0.06 seconds
Initializing Unity extensions:
========================================================================
Worker process is ready to serve import requests
Refreshing native plugins compatible for Editor in 0.40 ms, found 2 plugins.
Preloading 0 native plugins for Editor in 0.00 ms.
Unloading 1853 Unused Serialized files (Serialized files now loaded: 0)
System memory in use before: 183.0 MB.
System memory in use after: 182.0 MB.

Unloading 92 unused Assets to reduce memory usage. Loaded Objects now: 2324.
Total: 4.339652 ms (FindLiveObjects: 0.279276 ms CreateObjectMapping: 0.106305 ms MarkObjects: 3.309086 ms  DeleteObjects: 0.643823 ms)

AssetImportParameters requested are different than current active one (requested -> active):
  custom:video-decoder-ogg-theora: a1e56fd34408186e4bbccfd4996cb3dc -> 
  custom:container-muxer-webm: aa71ff27fc2769a1b78a27578f13a17b -> 
  custom:container-demuxer-webm: 4f35f7cbe854078d1ac9338744f61a02 -> 
  custom:container-demuxer-ogg: 62fdf1f143b41e24485cea50d1cbac27 -> 
  custom:video-encoder-webm-vp8: eb34c28f22e8b96e1ab97ce403110664 -> 
  custom:framework-osx-AVFoundation: e770b220cccbd017edd2c1fefb359320 -> 
  custom:video-decoder-webm-vp8: 9c59270c3fd7afecdb556c50c9e8de78 -> 
  custom:audio-decoder-ogg-vorbis: bf7c407c2cedff20999df2af8eb42d56 -> 
  custom:audio-encoder-webm-vorbis: bf7c407c2cedff20999df2af8eb42d56 -> 
========================================================================
Received Import Request.
  path: Assets/carro1Final.fbx
  artifactKey: Guid(d66234d63819b421984317ec0b4c09d7) Importer(815301076,1909f56bfc062723c751e8b465ee728b)
Start importing Assets/carro1Final.fbx using Guid(d66234d63819b421984317ec0b4c09d7) Importer(815301076,1909f56bfc062723c751e8b465ee728b)  -> (artifact id: '729c2539a9cb7bd1e953a0b477f37abd') in 2.020129 seconds 
  Import took 2.024328 seconds .

========================================================================
Received Import Request.
  Time since last request: 0.004735 seconds.
  path: Assets/carro3Final.fbx
  artifactKey: Guid(9f9fa38b0208c4609b079c83a9f195af) Importer(815301076,1909f56bfc062723c751e8b465ee728b)
Start importing Assets/carro3Final.fbx using Guid(9f9fa38b0208c4609b079c83a9f195af) Importer(815301076,1909f56bfc062723c751e8b465ee728b)  -> (artifact id: 'a86bcefb82e4a8b80fdc9174f4d49d87') in 0.054468 seconds 
  Import took 0.058795 seconds .

========================================================================
Received Import Request.
  Time since last request: 0.000267 seconds.
  path: Assets/car55567.png
  artifactKey: Guid(89e4111fa7d4d444cad99cd0ec1e3e33) Importer(815301076,1909f56bfc062723c751e8b465ee728b)
Start importing Assets/car55567.png using Guid(89e4111fa7d4d444cad99cd0ec1e3e33) Importer(815301076,1909f56bfc062723c751e8b465ee728b)  -> (artifact id: 'd6c00224b021936fb4696f4f2703c96b') in 1.272106 seconds 
  Import took 1.276127 seconds .

========================================================================
Received Import Request.
  Time since last request: 0.004431 seconds.
  path: Assets/carro2Final.fbx
  artifactKey: Guid(64e3065a7c103426dbee784b9311521a) Importer(815301076,1909f56bfc062723c751e8b465ee728b)
Start importing Assets/carro2Final.fbx using Guid(64e3065a7c103426dbee784b9311521a) Importer(815301076,1909f56bfc062723c751e8b465ee728b)  -> (artifact id: '5157974f9c8ec64e01d0bc5533efdf96') in 0.080428 seconds 
  Import took 0.085549 seconds .

========================================================================
Received Import Request.
  Time since last request: 240.126956 seconds.
  path: Assets/hellonew3.png
  artifactKey: Guid(74e08364a3dd846899fa7ad42223416d) Importer(815301076,1909f56bfc062723c751e8b465ee728b)
Start importing Assets/hellonew3.png using Guid(74e08364a3dd846899fa7ad42223416d) Importer(815301076,1909f56bfc062723c751e8b465ee728b)  -> (artifact id: '2627f955379a5f13b462e642a6b70312') in 0.034090 seconds 
  Import took 0.038889 seconds .

========================================================================
Received Import Request.
  Time since last request: 0.027300 seconds.
  path: Assets/carro2Final.fbx
  artifactKey: Guid(64e3065a7c103426dbee784b9311521a) Importer(815301076,1909f56bfc062723c751e8b465ee728b)
Start importing Assets/carro2Final.fbx using Guid(64e3065a7c103426dbee784b9311521a) Importer(815301076,1909f56bfc062723c751e8b465ee728b)  -> (artifact id: 'ebefcf368d492037091be5661ed3b19e') in 0.071271 seconds 
  Import took 0.077593 seconds .

========================================================================
Received Import Request.
  Time since last request: 9.503218 seconds.
  path: Assets/carrito4Final.fbx
  artifactKey: Guid(68d9e07950be944f494862ed0ec404a9) Importer(815301076,1909f56bfc062723c751e8b465ee728b)
Start importing Assets/carrito4Final.fbx using Guid(68d9e07950be944f494862ed0ec404a9) Importer(815301076,1909f56bfc062723c751e8b465ee728b)  -> (artifact id: '7d5605c93fdbfd1c5d95f9d6ceeb13b2') in 0.378362 seconds 
  Import took 0.382597 seconds .

========================================================================
Received Import Request.
  Time since last request: 9.448998 seconds.
  path: Assets/cllanta.png
  artifactKey: Guid(77d86061543314ee397c3638f39a8e6d) Importer(815301076,1909f56bfc062723c751e8b465ee728b)
Start importing Assets/cllanta.png using Guid(77d86061543314ee397c3638f39a8e6d) Importer(815301076,1909f56bfc062723c751e8b465ee728b)  -> (artifact id: '3027f49ab980d2e623b88d479d50e4db') in 0.038047 seconds 
  Import took 0.042336 seconds .

========================================================================
Received Import Request.
  Time since last request: 0.000315 seconds.
  path: Assets/carrito4Final.fbx
  artifactKey: Guid(68d9e07950be944f494862ed0ec404a9) Importer(815301076,1909f56bfc062723c751e8b465ee728b)
Start importing Assets/carrito4Final.fbx using Guid(68d9e07950be944f494862ed0ec404a9) Importer(815301076,1909f56bfc062723c751e8b465ee728b)  -> (artifact id: 'ca3707c149caa87d5180fccb5a3abd0a') in 0.350733 seconds 
  Import took 0.355094 seconds .

========================================================================
Received Import Request.
  Time since last request: 74.279002 seconds.
  path: Assets/carrito4Final.fbx
  artifactKey: Guid(68d9e07950be944f494862ed0ec404a9) Importer(815301076,1909f56bfc062723c751e8b465ee728b)
Start importing Assets/carrito4Final.fbx using Guid(68d9e07950be944f494862ed0ec404a9) Importer(815301076,1909f56bfc062723c751e8b465ee728b)  -> (artifact id: 'f2b8cb30f1a53d7f680ed1c6a3b77df4') in 0.445081 seconds 
  Import took 0.448748 seconds .

========================================================================
Received Import Request.
  Time since last request: 5.346493 seconds.
  path: Assets/carrito4Final.fbx
  artifactKey: Guid(68d9e07950be944f494862ed0ec404a9) Importer(815301076,1909f56bfc062723c751e8b465ee728b)
Start importing Assets/carrito4Final.fbx using Guid(68d9e07950be944f494862ed0ec404a9) Importer(815301076,1909f56bfc062723c751e8b465ee728b)  -> (artifact id: 'd8140eaa73adbd0309bfe6f7fb834b58') in 0.360200 seconds 
  Import took 0.364613 seconds .

========================================================================
Received Import Request.
  Time since last request: 60.130025 seconds.
  path: Assets/carro1Final.fbx
  artifactKey: Guid(d66234d63819b421984317ec0b4c09d7) Importer(815301076,1909f56bfc062723c751e8b465ee728b)
Start importing Assets/carro1Final.fbx using Guid(d66234d63819b421984317ec0b4c09d7) Importer(815301076,1909f56bfc062723c751e8b465ee728b)  -> (artifact id: '6cffbe6010ce562e77c797e608087699') in 0.041155 seconds 
  Import took 0.045607 seconds .

========================================================================
Received Import Request.
  Time since last request: 8.127150 seconds.
  path: Assets/carro1Final.fbx
  artifactKey: Guid(d66234d63819b421984317ec0b4c09d7) Importer(815301076,1909f56bfc062723c751e8b465ee728b)
Start importing Assets/carro1Final.fbx using Guid(d66234d63819b421984317ec0b4c09d7) Importer(815301076,1909f56bfc062723c751e8b465ee728b)  -> (artifact id: '71723fa24bf3a7597ad635a013a437a6') in 0.038588 seconds 
  Import took 0.042439 seconds .

========================================================================
Received Import Request.
  Time since last request: 84.284800 seconds.
  path: Assets/hello2.png
  artifactKey: Guid(f14588d32b6b949e89b8200167457340) Importer(815301076,1909f56bfc062723c751e8b465ee728b)
Start importing Assets/hello2.png using Guid(f14588d32b6b949e89b8200167457340) Importer(815301076,1909f56bfc062723c751e8b465ee728b)  -> (artifact id: '7398c7acf3c6a583c71ddf0f2d810313') in 0.035158 seconds 
  Import took 0.039640 seconds .

========================================================================
Received Import Request.
  Time since last request: 0.000259 seconds.
  path: Assets/carro1Final.fbx
  artifactKey: Guid(d66234d63819b421984317ec0b4c09d7) Importer(815301076,1909f56bfc062723c751e8b465ee728b)
Start importing Assets/carro1Final.fbx using Guid(d66234d63819b421984317ec0b4c09d7) Importer(815301076,1909f56bfc062723c751e8b465ee728b)  -> (artifact id: 'e1d50a99c251d60abb57ffcf0511b81d') in 0.038461 seconds 
  Import took 0.042422 seconds .

========================================================================
Received Import Request.
  Time since last request: 393.282377 seconds.
  path: Assets/carrito4Final.fbx
  artifactKey: Guid(68d9e07950be944f494862ed0ec404a9) Importer(815301076,1909f56bfc062723c751e8b465ee728b)
Start importing Assets/carrito4Final.fbx using Guid(68d9e07950be944f494862ed0ec404a9) Importer(815301076,1909f56bfc062723c751e8b465ee728b)  -> (artifact id: 'd06796a4c312f75d7ed574fa67deb34a') in 0.386136 seconds 
  Import took 0.390806 seconds .

AssetImportWorkerClient::OnTransportError - code=2 error=End of file
